<?xml version="1.0" encoding="UTF-8"?>
<testng-results ignored="0" total="4" passed="3" failed="1" skipped="0">
  <reporter-output>
  </reporter-output>
  <suite started-at="2025-07-17T21:02:21 IST" name="Default suite" finished-at="2025-07-17T21:02:54 IST" duration-ms="33356">
    <groups>
    </groups>
    <test started-at="2025-07-17T21:02:21 IST" name="Default test" finished-at="2025-07-17T21:02:54 IST" duration-ms="33356">
      <class name="com.zigzag.web.tests.HomePageTest">
        <test-method is-config="true" signature="extentReportBeforeSuite()[pri:0, instance:com.zigzag.web.tests.HomePageTest@305ffe9e]" started-at="2025-07-17T21:02:21 IST" name="extentReportBeforeSuite" finished-at="2025-07-17T21:02:21 IST" duration-ms="229" status="PASS">
          <reporter-output>
          </reporter-output>
        </test-method> <!-- extentReportBeforeSuite -->
        <test-method is-config="true" signature="masterSetup(java.lang.reflect.Method)[pri:0, instance:com.zigzag.web.tests.HomePageTest@305ffe9e]" started-at="2025-07-17T21:02:21 IST" name="masterSetup" finished-at="2025-07-17T21:02:22 IST" duration-ms="1367" status="PASS">
          <params>
            <param index="0">
              <value>
                <![CDATA[public void com.zigzag.web.tests.HomePageTest.Verify_AboutUs_Link_Present_In_HomePage_Footer_Section()]]>
              </value>
            </param>
          </params>
          <reporter-output>
          </reporter-output>
        </test-method> <!-- masterSetup -->
        <test-method signature="Verify_AboutUs_Link_Present_In_HomePage_Footer_Section()[pri:0, instance:com.zigzag.web.tests.HomePageTest@305ffe9e]" started-at="2025-07-17T21:02:22 IST" name="Verify_AboutUs_Link_Present_In_HomePage_Footer_Section" finished-at="2025-07-17T21:02:29 IST" duration-ms="7038" status="PASS">
          <reporter-output>
          </reporter-output>
        </test-method> <!-- Verify_AboutUs_Link_Present_In_HomePage_Footer_Section -->
        <test-method is-config="true" signature="extentReportAfterMethod(org.testng.ITestResult)[pri:0, instance:com.zigzag.web.tests.HomePageTest@305ffe9e]" started-at="2025-07-17T21:02:29 IST" name="extentReportAfterMethod" finished-at="2025-07-17T21:02:30 IST" duration-ms="293" status="PASS">
          <params>
            <param index="0">
              <value>
                <![CDATA[[TestResult name=Verify_AboutUs_Link_Present_In_HomePage_Footer_Section status=SUCCESS method=HomePageTest.Verify_AboutUs_Link_Present_In_HomePage_Footer_Section()[pri:0, instance:com.zigzag.web.tests.HomePageTest@305ffe9e] output={null}]]]>
              </value>
            </param>
          </params>
          <reporter-output>
          </reporter-output>
        </test-method> <!-- extentReportAfterMethod -->
        <test-method is-config="true" signature="tearDown()[pri:0, instance:com.zigzag.web.tests.HomePageTest@305ffe9e]" started-at="2025-07-17T21:02:30 IST" name="tearDown" finished-at="2025-07-17T21:02:30 IST" duration-ms="204" status="PASS">
          <reporter-output>
          </reporter-output>
        </test-method> <!-- tearDown -->
        <test-method is-config="true" signature="masterSetup(java.lang.reflect.Method)[pri:0, instance:com.zigzag.web.tests.HomePageTest@305ffe9e]" started-at="2025-07-17T21:02:30 IST" name="masterSetup" finished-at="2025-07-17T21:02:31 IST" duration-ms="693" status="PASS">
          <params>
            <param index="0">
              <value>
                <![CDATA[public void com.zigzag.web.tests.HomePageTest.Verify_Search_Functionality_On_HomePage()]]>
              </value>
            </param>
          </params>
          <reporter-output>
          </reporter-output>
        </test-method> <!-- masterSetup -->
        <test-method signature="Verify_Search_Functionality_On_HomePage()[pri:0, instance:com.zigzag.web.tests.HomePageTest@305ffe9e]" started-at="2025-07-17T21:02:31 IST" name="Verify_Search_Functionality_On_HomePage" finished-at="2025-07-17T21:02:40 IST" duration-ms="9108" status="FAIL">
          <exception class="java.lang.AssertionError">
            <message>
              <![CDATA[kurti did not appear in the result text - Test Failed expected [true] but found [false]]]>
            </message>
            <full-stacktrace>
              <![CDATA[java.lang.AssertionError: kurti did not appear in the result text - Test Failed expected [true] but found [false]
at org.testng.Assert.fail(Assert.java:111)
at org.testng.Assert.failNotEquals(Assert.java:1590)
at org.testng.Assert.assertTrue(Assert.java:57)
at com.zigzag.web.tests.HomePageTest.Verify_Search_Functionality_On_HomePage(HomePageTest.java:50)
at java.base/jdk.internal.reflect.NativeMethodAccessorImpl.invoke0(Native Method)
at java.base/jdk.internal.reflect.NativeMethodAccessorImpl.invoke(NativeMethodAccessorImpl.java:77)
at java.base/jdk.internal.reflect.DelegatingMethodAccessorImpl.invoke(DelegatingMethodAccessorImpl.java:43)
at java.base/java.lang.reflect.Method.invoke(Method.java:568)
at org.testng.internal.invokers.MethodInvocationHelper.invokeMethod(MethodInvocationHelper.java:141)
at org.testng.internal.invokers.TestInvoker.invokeMethod(TestInvoker.java:687)
at org.testng.internal.invokers.TestInvoker.invokeTestMethod(TestInvoker.java:230)
at org.testng.internal.invokers.MethodRunner.runInSequence(MethodRunner.java:63)
at org.testng.internal.invokers.TestInvoker$MethodInvocationAgent.invoke(TestInvoker.java:995)
at org.testng.internal.invokers.TestInvoker.invokeTestMethods(TestInvoker.java:203)
at org.testng.internal.invokers.TestMethodWorker.invokeTestMethods(TestMethodWorker.java:154)
at org.testng.internal.invokers.TestMethodWorker.run(TestMethodWorker.java:134)
at java.base/java.util.ArrayList.forEach(ArrayList.java:1511)
at org.testng.TestRunner.privateRun(TestRunner.java:741)
at org.testng.TestRunner.run(TestRunner.java:616)
at org.testng.SuiteRunner.runTest(SuiteRunner.java:421)
at org.testng.SuiteRunner.runSequentially(SuiteRunner.java:413)
at org.testng.SuiteRunner.privateRun(SuiteRunner.java:373)
at org.testng.SuiteRunner.run(SuiteRunner.java:312)
at org.testng.SuiteRunnerWorker.runSuite(SuiteRunnerWorker.java:52)
at org.testng.SuiteRunnerWorker.run(SuiteRunnerWorker.java:95)
at org.testng.TestNG.runSuitesSequentially(TestNG.java:1274)
at org.testng.TestNG.runSuitesLocally(TestNG.java:1208)
at org.testng.TestNG.runSuites(TestNG.java:1112)
at org.testng.TestNG.run(TestNG.java:1079)
at org.testng.remote.AbstractRemoteTestNG.run(AbstractRemoteTestNG.java:115)
at org.testng.remote.RemoteTestNG.initAndRun(RemoteTestNG.java:293)
at org.testng.remote.RemoteTestNG.main(RemoteTestNG.java:91)
]]>
            </full-stacktrace>
          </exception> <!-- java.lang.AssertionError -->
          <reporter-output>
          </reporter-output>
        </test-method> <!-- Verify_Search_Functionality_On_HomePage -->
        <test-method is-config="true" signature="extentReportAfterMethod(org.testng.ITestResult)[pri:0, instance:com.zigzag.web.tests.HomePageTest@305ffe9e]" started-at="2025-07-17T21:02:40 IST" name="extentReportAfterMethod" finished-at="2025-07-17T21:02:40 IST" duration-ms="232" status="PASS">
          <params>
            <param index="0">
              <value>
                <![CDATA[[TestResult name=Verify_Search_Functionality_On_HomePage status=FAILURE method=HomePageTest.Verify_Search_Functionality_On_HomePage()[pri:0, instance:com.zigzag.web.tests.HomePageTest@305ffe9e] output={null}]]]>
              </value>
            </param>
          </params>
          <reporter-output>
          </reporter-output>
        </test-method> <!-- extentReportAfterMethod -->
        <test-method is-config="true" signature="tearDown()[pri:0, instance:com.zigzag.web.tests.HomePageTest@305ffe9e]" started-at="2025-07-17T21:02:40 IST" name="tearDown" finished-at="2025-07-17T21:02:40 IST" duration-ms="150" status="PASS">
          <reporter-output>
          </reporter-output>
        </test-method> <!-- tearDown -->
        <test-method is-config="true" signature="masterSetup(java.lang.reflect.Method)[pri:0, instance:com.zigzag.web.tests.HomePageTest@305ffe9e]" started-at="2025-07-17T21:02:40 IST" name="masterSetup" finished-at="2025-07-17T21:02:41 IST" duration-ms="606" status="PASS">
          <params>
            <param index="0">
              <value>
                <![CDATA[public void com.zigzag.web.tests.HomePageTest.Verify_Slider_Present_In_HomePage()]]>
              </value>
            </param>
          </params>
          <reporter-output>
          </reporter-output>
        </test-method> <!-- masterSetup -->
        <test-method signature="Verify_Slider_Present_In_HomePage()[pri:0, instance:com.zigzag.web.tests.HomePageTest@305ffe9e]" started-at="2025-07-17T21:02:41 IST" name="Verify_Slider_Present_In_HomePage" finished-at="2025-07-17T21:02:47 IST" duration-ms="6155" status="PASS">
          <reporter-output>
          </reporter-output>
        </test-method> <!-- Verify_Slider_Present_In_HomePage -->
        <test-method is-config="true" signature="extentReportAfterMethod(org.testng.ITestResult)[pri:0, instance:com.zigzag.web.tests.HomePageTest@305ffe9e]" started-at="2025-07-17T21:02:47 IST" name="extentReportAfterMethod" finished-at="2025-07-17T21:02:47 IST" duration-ms="26" status="PASS">
          <params>
            <param index="0">
              <value>
                <![CDATA[[TestResult name=Verify_Slider_Present_In_HomePage status=SUCCESS method=HomePageTest.Verify_Slider_Present_In_HomePage()[pri:0, instance:com.zigzag.web.tests.HomePageTest@305ffe9e] output={null}]]]>
              </value>
            </param>
          </params>
          <reporter-output>
          </reporter-output>
        </test-method> <!-- extentReportAfterMethod -->
        <test-method is-config="true" signature="tearDown()[pri:0, instance:com.zigzag.web.tests.HomePageTest@305ffe9e]" started-at="2025-07-17T21:02:47 IST" name="tearDown" finished-at="2025-07-17T21:02:47 IST" duration-ms="103" status="PASS">
          <reporter-output>
          </reporter-output>
        </test-method> <!-- tearDown -->
        <test-method is-config="true" signature="masterSetup(java.lang.reflect.Method)[pri:0, instance:com.zigzag.web.tests.HomePageTest@305ffe9e]" started-at="2025-07-17T21:02:47 IST" name="masterSetup" finished-at="2025-07-17T21:02:48 IST" duration-ms="633" status="PASS">
          <params>
            <param index="0">
              <value>
                <![CDATA[public void com.zigzag.web.tests.HomePageTest.Verify_ZigZag_Logo_Present_In_HomePage()]]>
              </value>
            </param>
          </params>
          <reporter-output>
          </reporter-output>
        </test-method> <!-- masterSetup -->
        <test-method signature="Verify_ZigZag_Logo_Present_In_HomePage()[pri:0, instance:com.zigzag.web.tests.HomePageTest@305ffe9e]" started-at="2025-07-17T21:02:48 IST" name="Verify_ZigZag_Logo_Present_In_HomePage" finished-at="2025-07-17T21:02:54 IST" duration-ms="6556" status="PASS">
          <reporter-output>
          </reporter-output>
        </test-method> <!-- Verify_ZigZag_Logo_Present_In_HomePage -->
        <test-method is-config="true" signature="extentReportAfterMethod(org.testng.ITestResult)[pri:0, instance:com.zigzag.web.tests.HomePageTest@305ffe9e]" started-at="2025-07-17T21:02:54 IST" name="extentReportAfterMethod" finished-at="2025-07-17T21:02:54 IST" duration-ms="17" status="PASS">
          <params>
            <param index="0">
              <value>
                <![CDATA[[TestResult name=Verify_ZigZag_Logo_Present_In_HomePage status=SUCCESS method=HomePageTest.Verify_ZigZag_Logo_Present_In_HomePage()[pri:0, instance:com.zigzag.web.tests.HomePageTest@305ffe9e] output={null}]]]>
              </value>
            </param>
          </params>
          <reporter-output>
          </reporter-output>
        </test-method> <!-- extentReportAfterMethod -->
        <test-method is-config="true" signature="tearDown()[pri:0, instance:com.zigzag.web.tests.HomePageTest@305ffe9e]" started-at="2025-07-17T21:02:54 IST" name="tearDown" finished-at="2025-07-17T21:02:54 IST" duration-ms="132" status="PASS">
          <reporter-output>
          </reporter-output>
        </test-method> <!-- tearDown -->
      </class> <!-- com.zigzag.web.tests.HomePageTest -->
    </test> <!-- Default test -->
  </suite> <!-- Default suite -->
</testng-results>
